1616507015168	geckodriver	INFO	Listening on 127.0.0.1:50917
1616507016194	mozrunner::runner	INFO	Running command: "/usr/local/bin/firefox" "--marionette" "-foreground" "-no-remote" "-profile" "/tmp/rust_mozprofilejxJ9tB"
console.warn: SearchSettings: "get: No settings file exists, new profile?" (new Error("", "(unknown module)"))
1616507023573	Marionette	INFO	Listening on port 38865
1616507023638	Marionette	WARN	TLS certificate errors will be ignored for this session
JavaScript warning: https://static-exp1.licdn.com/sc/h/25bs8j7hoitxawjg5rex2lmi6, line 4285: unreachable code after return statement
JavaScript warning: https://static-exp1.licdn.com/sc/h/25bs8j7hoitxawjg5rex2lmi6, line 4285: unreachable code after return statement
JavaScript warning: https://static-exp1.licdn.com/sc/h/25bs8j7hoitxawjg5rex2lmi6, line 4285: unreachable code after return statement
JavaScript warning: https://static-exp1.licdn.com/sc/h/25bs8j7hoitxawjg5rex2lmi6, line 4285: unreachable code after return statement
JavaScript error: , line 0: NotFoundError: No such JSWindowActor 'MarionetteEvents'
JavaScript error: , line 0: NotFoundError: No such JSWindowActor 'MarionetteEvents'
IPDL protocol error: Handler returned error code!

###!!! [Parent][DispatchAsyncMessage] Error: PLayerTransaction::Msg_ReleaseLayer Processing error: message was deserialized, but the handler returned false (indicating failure)

IPDL protocol error: Handler returned error code!

###!!! [Parent][DispatchAsyncMessage] Error: PLayerTransaction::Msg_ReleaseLayer Processing error: message was deserialized, but the handler returned false (indicating failure)

1616507110389	Marionette	INFO	Stopped listening on port 38865
1616507338422	geckodriver	INFO	Listening on 127.0.0.1:58059
1616507339429	mozrunner::runner	INFO	Running command: "/usr/local/bin/firefox" "--marionette" "-foreground" "-no-remote" "-profile" "/tmp/rust_mozprofileZScqoj"
console.warn: SearchSettings: "get: No settings file exists, new profile?" (new Error("", "(unknown module)"))
1616507346197	Marionette	INFO	Listening on port 35353
1616507346280	Marionette	WARN	TLS certificate errors will be ignored for this session
JavaScript warning: https://static-exp1.licdn.com/sc/h/25bs8j7hoitxawjg5rex2lmi6, line 4285: unreachable code after return statement
JavaScript warning: https://static-exp1.licdn.com/sc/h/25bs8j7hoitxawjg5rex2lmi6, line 4285: unreachable code after return statement
JavaScript warning: https://static-exp1.licdn.com/sc/h/25bs8j7hoitxawjg5rex2lmi6, line 4285: unreachable code after return statement
JavaScript warning: https://static-exp1.licdn.com/sc/h/25bs8j7hoitxawjg5rex2lmi6, line 4285: unreachable code after return statement
JavaScript warning: https://static-exp1.licdn.com/sc/h/25bs8j7hoitxawjg5rex2lmi6, line 4285: unreachable code after return statement
JavaScript warning: https://static-exp1.licdn.com/sc/h/25bs8j7hoitxawjg5rex2lmi6, line 4285: unreachable code after return statement
JavaScript warning: https://static-exp1.licdn.com/sc/h/25bs8j7hoitxawjg5rex2lmi6, line 4285: unreachable code after return statement
JavaScript warning: https://static-exp1.licdn.com/sc/h/25bs8j7hoitxawjg5rex2lmi6, line 4285: unreachable code after return statement
JavaScript warning: https://static-exp1.licdn.com/sc/h/25bs8j7hoitxawjg5rex2lmi6, line 4285: unreachable code after return statement
JavaScript warning: https://static-exp1.licdn.com/sc/h/25bs8j7hoitxawjg5rex2lmi6, line 4285: unreachable code after return statement
Exiting due to channel error.
[GFX1-]: Receive IPC close with reason=AbnormalShutdown
Exiting due to channel error.
Exiting due to channel error.
